<?xml version="1.0" encoding="UTF-8"?>
<!-- Generated by org.testng.reporters.JUnitReportReporter -->
<testsuite hostname="mohin" failures="0" tests="1" name="test.TestIEBrowser" time="11.192" errors="0" timestamp="2019-09-27T12:48:08 IST" skipped="0">
  <testcase classname="test.TestIEBrowser" name="testGooglePageTitleInIEBrowser" time="11.192"/>
</testsuite> <!-- test.TestIEBrowser -->
