<?xml version="1.0" encoding="UTF-8"?>
<!-- Generated by org.testng.reporters.JUnitReportReporter -->
<testsuite hostname="DESKTOP-9RBLILH" failures="0" tests="1" name="com.baseware.testCases.LoginTest" time="8.078" errors="0" timestamp="2019-10-06T21:09:43 IST" skipped="0">
  <testcase classname="com.baseware.testCases.LoginTest" name="verifyLogin" time="8.078"/>
</testsuite> <!-- com.baseware.testCases.LoginTest -->
