<?xml version="1.0" encoding="UTF-8"?>
<!-- Generated by org.testng.reporters.JUnitReportReporter -->
<testsuite hostname="DESKTOP-9RBLILH" failures="0" tests="1" name="com.baseware.testCases.InvalidLoginTest" time="1.231" errors="0" timestamp="2019-10-06T21:09:43 IST" skipped="0">
  <testcase classname="com.baseware.testCases.InvalidLoginTest" name="verifyInvalidLogin" time="1.231"/>
</testsuite> <!-- com.baseware.testCases.InvalidLoginTest -->
