<?xml version="1.0" encoding="UTF-8"?>
<!-- Generated by org.testng.reporters.JUnitReportReporter -->
<testsuite hostname="DESKTOP-9RBLILH" failures="0" tests="1" name="com.baseware.testCases.LoginTest" time="10.591" errors="0" timestamp="2019-10-06T20:18:25 IST" skipped="0">
  <testcase classname="com.baseware.testCases.LoginTest" name="verifyLogin" time="10.591"/>
</testsuite> <!-- com.baseware.testCases.LoginTest -->
