<?xml version="1.0" encoding="UTF-8"?>
<!-- Generated by org.testng.reporters.JUnitReportReporter -->
<testsuite hostname="DESKTOP-9RBLILH" failures="0" tests="1" name="com.binance.test.VerifyServerTime" time="4.148" errors="0" timestamp="2019-10-05T10:18:39 IST" skipped="0">
  <testcase classname="com.binance.test.VerifyServerTime" name="verifyServerTime" time="4.148"/>
</testsuite> <!-- com.binance.test.VerifyServerTime -->
