<?xml version="1.0" encoding="UTF-8"?>
<!-- Generated by org.testng.reporters.JUnitReportReporter -->
<testsuite hostname="DESKTOP-9RBLILH" failures="0" tests="1" name="com.binance.test.VerifyTickerValueWithValidSymbol" time="0.377" errors="0" timestamp="2019-10-05T10:18:39 IST" skipped="0">
  <testcase classname="com.binance.test.VerifyTickerValueWithValidSymbol" name="verifyTickerValue" time="0.377"/>
</testsuite> <!-- com.binance.test.VerifyTickerValueWithValidSymbol -->
