<?xml version="1.0" encoding="UTF-8"?>
<!-- Generated by org.testng.reporters.JUnitReportReporter -->
<testsuite hostname="DESKTOP-9RBLILH" failures="0" tests="1" name="com.binance.test.VerifyServerTime" time="4.999" errors="0" timestamp="2019-10-05T13:39:51 IST" skipped="0">
  <testcase classname="com.binance.test.VerifyServerTime" name="verifyServerTime" time="4.999"/>
</testsuite> <!-- com.binance.test.VerifyServerTime -->
