<?xml version="1.0" encoding="UTF-8"?>
<!-- Generated by org.testng.reporters.JUnitReportReporter -->
<testsuite hostname="DESKTOP-9RBLILH" failures="0" tests="1" name="com.binance.test.VerifyTickerValueWithInvalidSymbol" time="0.376" errors="0" timestamp="2019-10-05T10:18:39 IST" skipped="0">
  <testcase classname="com.binance.test.VerifyTickerValueWithInvalidSymbol" name="verifyTickerValueWithInvalidSymbol" time="0.376"/>
</testsuite> <!-- com.binance.test.VerifyTickerValueWithInvalidSymbol -->
